Arguments: 
  /usr/local/bin/node /usr/share/yarn/bin/yarn.js init

PATH: 
  /home/max/.composer/vendor/bin:/home/max/.composer/vendor/bin:/usr/local/sbin:/usr/local/bin:/usr/sbin:/usr/bin:/sbin:/bin:/usr/games:/usr/local/games:/snap/bin

Yarn version: 
  1.22.5

Node version: 
  12.16.3

Platform: 
  linux x64

Trace: 
  Error: canceled
      at Interface.<anonymous> (/usr/share/yarn/lib/cli.js:137009:13)
      at Interface.emit (events.js:310:20)
      at Interface._ttyWrite (readline.js:893:16)
      at ReadStream.onkeypress (readline.js:198:10)
      at ReadStream.emit (events.js:310:20)
      at emitKeys (internal/readline/utils.js:438:14)
      at emitKeys.next (<anonymous>)
      at ReadStream.onData (readline.js:1160:36)
      at ReadStream.emit (events.js:310:20)
      at addChunk (_stream_readable.js:286:12)

npm manifest: 
  {
    "name": "patientor",
    "version": "0.1.0",
    "private": true,
    "dependencies": {
      "axios": "^0.19.0",
      "formik": "^2.0.6",
      "react": "^16.11.0",
      "react-dom": "^16.11.0",
      "react-router-dom": "^5.1.2",
      "semantic-ui-css": "^2.4.1",
      "semantic-ui-react": "^0.88.1"
    },
    "devDependencies": {
      "@types/axios": "^0.14.0",
      "@types/jest": "24.0.19",
      "@types/node": "12.11.7",
      "@types/react": "^16.9.11",
      "@types/react-dom": "16.9.3",
      "@types/react-router-dom": "^5.1.2",
      "@typescript-eslint/eslint-plugin": "^2.12.0",
      "@typescript-eslint/parser": "^2.12.0",
      "eslint-config-react": "^1.1.7",
      "react-scripts": "3.3.0",
      "typescript": "^3.7.0"
    },
    "scripts": {
      "start": "react-scripts start",
      "build": "react-scripts build",
      "test": "react-scripts test",
      "eject": "react-scripts eject",
      "lint": "eslint './src/**/*.{ts,tsx}'",
      "lint:fix": "eslint './src/**/*.{ts,tsx}' --fix"
    },
    "browserslist": {
      "production": [
        ">0.2%",
        "not dead",
        "not op_mini all"
      ],
      "development": [
        "last 1 chrome version",
        "last 1 firefox version",
        "last 1 safari version"
      ]
    }
  }

yarn manifest: 
  No manifest

Lockfile: 
  No lockfile
